\BOOKMARK [0][-]{chapter*.3}{\376\377\000A\000c\000k\000n\000o\000w\000l\000e\000d\000g\000e\000m\000e\000n\000t\000s}{}% 1
\BOOKMARK [0][-]{chapter*.4}{\376\377\000C\000o\000n\000t\000e\000n\000t\000s}{}% 2
\BOOKMARK [0][-]{chapter*.5}{\376\377\000L\000i\000s\000t\000\040\000o\000f\000\040\000F\000i\000g\000u\000r\000e\000s}{}% 3
\BOOKMARK [0][-]{chapter*.6}{\376\377\000L\000i\000s\000t\000\040\000o\000f\000\040\000T\000a\000b\000l\000e\000s}{}% 4
\BOOKMARK [0][-]{chapter*.7}{\376\377\000A\000b\000s\000t\000r\000a\000c\000t}{}% 5
\BOOKMARK [0][-]{chapter.1}{\376\377\000I\000n\000t\000r\000o\000d\000u\000c\000t\000i\000o\000n}{}% 6
\BOOKMARK [1][-]{section.1.1}{\376\377\000M\000o\000t\000i\000v\000a\000t\000i\000o\000n}{chapter.1}% 7
\BOOKMARK [1][-]{section.1.2}{\376\377\000O\000b\000j\000e\000c\000t\000i\000v\000e\000s\000\040\000o\000f\000\040\000t\000h\000e\000\040\000S\000t\000u\000d\000y}{chapter.1}% 8
\BOOKMARK [2][-]{subsection.1.2.1}{\376\377\000S\000p\000e\000c\000i\000f\000i\000c\000\040\000O\000b\000j\000e\000c\000t\000i\000v\000e\000s\000\040\000o\000f\000\040\000t\000h\000e\000\040\000S\000t\000u\000d\000y}{section.1.2}% 9
\BOOKMARK [0][-]{chapter.2}{\376\377\000L\000i\000t\000e\000r\000a\000t\000u\000r\000e\000\040\000R\000e\000v\000i\000e\000w\000\040}{}% 10
\BOOKMARK [1][-]{section.2.1}{\376\377\000T\000h\000e\000\040\000R\000o\000l\000e\000\040\000o\000f\000\040\000I\000m\000p\000o\000r\000t\000s\000,\000\040\000E\000x\000p\000o\000r\000t\000s\000,\000\040\000a\000n\000d\000\040\000N\000e\000t\000\040\000E\000x\000p\000o\000r\000t\000s\000\040\000i\000n\000\040\000E\000c\000o\000n\000o\000m\000i\000c\000\040\000G\000r\000o\000w\000t\000h}{chapter.2}% 11
\BOOKMARK [1][-]{section.2.2}{\376\377\000T\000h\000e\000\040\000I\000m\000p\000o\000r\000t\000a\000n\000c\000e\000\040\000a\000n\000d\000\040\000C\000o\000n\000s\000t\000r\000u\000c\000t\000i\000o\000n\000\040\000o\000f\000\040\000E\000x\000p\000o\000r\000t\000\040\000a\000n\000d\000\040\000I\000m\000p\000o\000r\000t\000\040\000P\000r\000i\000c\000e\000\040\000I\000n\000d\000i\000c\000e\000s}{chapter.2}% 12
\BOOKMARK [1][-]{section.2.3}{\376\377\000G\000l\000o\000b\000a\000l\000\040\000E\000v\000i\000d\000e\000n\000c\000e\000\040\000o\000f\000\040\000S\000t\000u\000d\000i\000e\000s\000\040\000o\000n\000\040\000E\000x\000p\000o\000r\000t\000s\000,\000\040\000I\000m\000p\000o\000r\000t\000s\000,\000\040\000a\000n\000d\000\040\000N\000e\000t\000\040\000E\000x\000p\000o\000r\000t\000s\000\040}{chapter.2}% 13
\BOOKMARK [1][-]{section.2.4}{\376\377\000T\000i\000m\000e\000\040\000S\000e\000r\000i\000e\000s\000\040\000M\000o\000d\000e\000l\000s\000\040\000f\000o\000r\000\040\000F\000o\000r\000e\000c\000a\000s\000t\000i\000n\000g\000\040\000I\000m\000p\000o\000r\000t\000s\000\040\000a\000n\000d\000\040\000E\000x\000p\000o\000r\000t\000s}{chapter.2}% 14
\BOOKMARK [1][-]{section.2.5}{\376\377\000F\000o\000r\000e\000c\000a\000s\000t\000i\000n\000g\000\040\000E\000x\000p\000o\000r\000t\000s\000\040\000t\000h\000r\000o\000u\000g\000h\000\040\000P\000r\000i\000c\000e\000\040\000I\000n\000d\000i\000c\000e\000s\000\040\000a\000n\000d\000\040\000S\000u\000r\000v\000e\000y\000-\000B\000a\000s\000e\000d\000\040\000I\000n\000d\000i\000c\000a\000t\000o\000r\000s}{chapter.2}% 15
\BOOKMARK [1][-]{section.2.6}{\376\377\000A\000R\000I\000M\000A\000\040\000M\000o\000d\000e\000l\000\040\000f\000o\000r\000\040\000F\000o\000r\000e\000c\000a\000s\000t\000i\000n\000g\000\040\000N\000e\000t\000\040\000E\000x\000p\000o\000r\000t\000\040\000P\000r\000i\000c\000e\000\040\000I\000n\000d\000e\000x}{chapter.2}% 16
\BOOKMARK [1][-]{section.2.7}{\376\377\000T\000i\000m\000e\000\040\000S\000e\000r\000i\000e\000s\000\040\000M\000o\000d\000e\000l\000s\000\040\000f\000o\000r\000\040\000S\000r\000i\000\040\000L\000a\000n\000k\000a\000n\000\040\000E\000x\000p\000o\000r\000t\000\040\000F\000o\000r\000e\000c\000a\000s\000t\000i\000n\000g}{chapter.2}% 17
\BOOKMARK [1][-]{section.2.8}{\376\377\000G\000a\000p\000s\000\040\000i\000n\000\040\000t\000h\000e\000\040\000L\000i\000t\000e\000r\000a\000t\000u\000r\000e\000\040\000a\000n\000d\000\040\000C\000o\000n\000t\000r\000i\000b\000u\000t\000i\000o\000n\000s\000\040\000o\000f\000\040\000T\000h\000i\000s\000\040\000R\000e\000s\000e\000a\000r\000c\000h}{chapter.2}% 18
\BOOKMARK [0][-]{chapter.3}{\376\377\000D\000a\000t\000a}{}% 19
\BOOKMARK [0][-]{chapter.4}{\376\377\000M\000e\000t\000h\000o\000d\000o\000l\000o\000g\000y}{}% 20
\BOOKMARK [1][-]{section.4.1}{\376\377\000M\000e\000t\000h\000o\000d\000o\000l\000o\000g\000y\000\040\000o\000f\000\040\000T\000h\000e\000\040\000P\000r\000i\000n\000c\000i\000p\000a\000l\000\040\000V\000a\000r\000i\000a\000b\000l\000e}{chapter.4}% 21
\BOOKMARK [1][-]{section.4.2}{\376\377\000R\000e\000s\000e\000a\000r\000c\000h\000\040\000D\000e\000s\000i\000g\000n}{chapter.4}% 22
\BOOKMARK [1][-]{section.4.3}{\376\377\000D\000a\000t\000a\000\040\000A\000n\000a\000l\000y\000s\000i\000s\000\040\000M\000e\000t\000h\000o\000d}{chapter.4}% 23
\BOOKMARK [1][-]{section.4.4}{\376\377\000S\000t\000a\000t\000i\000s\000t\000i\000c\000a\000l\000\040\000M\000e\000t\000h\000o\000d}{chapter.4}% 24
\BOOKMARK [2][-]{subsection.4.4.1}{\376\377\000S\000t\000a\000t\000i\000o\000n\000a\000r\000i\000t\000y\000\040\000C\000h\000e\000c\000k\000\040\000f\000o\000r\000\040\000t\000h\000e\000\040\000T\000i\000m\000e\000\040\000S\000e\000r\000i\000e\000s\000\040\000D\000a\000t\000a}{section.4.4}% 25
\BOOKMARK [2][-]{subsection.4.4.2}{\376\377\000M\000o\000d\000e\000l\000\040\000I\000d\000e\000n\000t\000i\000f\000i\000c\000a\000t\000i\000o\000n}{section.4.4}% 26
\BOOKMARK [2][-]{subsection.4.4.3}{\376\377\000M\000o\000d\000e\000l\000\040\000E\000s\000t\000i\000m\000a\000t\000i\000o\000n}{section.4.4}% 27
\BOOKMARK [2][-]{subsection.4.4.4}{\376\377\000M\000o\000d\000e\000l\000\040\000E\000v\000a\000l\000u\000a\000t\000i\000o\000n\000\040\000M\000e\000t\000h\000o\000d\000s\000\040}{section.4.4}% 28
\BOOKMARK [2][-]{subsection.4.4.5}{\376\377\000D\000i\000a\000g\000n\000o\000s\000t\000i\000c\000\040\000C\000h\000e\000c\000k\000i\000n\000g}{section.4.4}% 29
\BOOKMARK [2][-]{subsection.4.4.6}{\376\377\000F\000o\000r\000e\000c\000a\000s\000t\000i\000n\000g\000\040\000V\000a\000l\000u\000e\000s\000\040\000i\000n\000\040\000t\000h\000e\000\040\000T\000e\000s\000t\000\040\000S\000e\000t}{section.4.4}% 30
\BOOKMARK [2][-]{subsection.4.4.7}{\376\377\000F\000o\000r\000e\000c\000a\000s\000t\000i\000n\000g\000\040\000E\000v\000a\000l\000u\000a\000t\000i\000o\000n\000\040\000M\000e\000t\000h\000o\000d\000s}{section.4.4}% 31
\BOOKMARK [2][-]{subsection.4.4.8}{\376\377\000F\000o\000r\000e\000c\000a\000s\000t\000i\000n\000g\000\040\000F\000u\000t\000u\000r\000e\000\040\000V\000a\000l\000u\000e\000s}{section.4.4}% 32
\BOOKMARK [0][-]{chapter.5}{\376\377\000A\000n\000a\000l\000y\000s\000i\000s\000\040\000o\000f\000\040\000D\000a\000t\000a}{}% 33
\BOOKMARK [1][-]{section.5.1}{\376\377\000P\000r\000e\000l\000i\000m\000i\000n\000a\000r\000y\000\040\000\050\000E\000x\000p\000l\000o\000r\000a\000t\000o\000r\000y\000\051\000\040\000A\000n\000a\000l\000y\000s\000i\000s}{chapter.5}% 34
\BOOKMARK [1][-]{section.5.2}{\376\377\000T\000e\000s\000t\000\040\000f\000o\000r\000\040\000S\000t\000a\000t\000i\000o\000n\000a\000r\000i\000t\000y}{chapter.5}% 35
\BOOKMARK [1][-]{section.5.3}{\376\377\000C\000h\000o\000o\000s\000i\000n\000g\000\040\000a\000n\000d\000\040\000F\000i\000t\000t\000i\000n\000g\000\040\000M\000o\000d\000e\000l\000s}{chapter.5}% 36
\BOOKMARK [1][-]{section.5.4}{\376\377\000M\000o\000d\000e\000l\000\040\000E\000v\000a\000l\000u\000a\000t\000i\000o\000n}{chapter.5}% 37
\BOOKMARK [1][-]{section.5.5}{\376\377\000R\000e\000s\000i\000d\000u\000a\000l\000\040\000D\000i\000a\000g\000n\000o\000s\000t\000i\000c\000s}{chapter.5}% 38
\BOOKMARK [1][-]{section.5.6}{\376\377\000F\000o\000r\000e\000c\000a\000s\000t\000i\000n\000g\000\040\000F\000u\000t\000u\000r\000e\000\040\000V\000a\000l\000u\000e\000s}{chapter.5}% 39
\BOOKMARK [0][-]{chapter.6}{\376\377\000D\000i\000s\000c\000u\000s\000s\000i\000o\000n\000\040}{}% 40
\BOOKMARK [1][-]{section.6.1}{\376\377\000L\000i\000m\000i\000t\000a\000t\000i\000o\000n\000s\000\040\000a\000n\000d\000\040\000F\000u\000t\000u\000r\000e\000\040\000R\000e\000s\000e\000a\000r\000c\000h}{chapter.6}% 41
\BOOKMARK [0][-]{chapter.7}{\376\377\000C\000o\000n\000c\000l\000u\000s\000i\000o\000n}{}% 42
\BOOKMARK [1][-]{section.7.1}{\376\377\000M\000a\000i\000n\000\040\000F\000i\000n\000d\000i\000n\000g\000s}{chapter.7}% 43
\BOOKMARK [1][-]{section.7.2}{\376\377\000C\000o\000n\000t\000r\000i\000b\000u\000t\000i\000o\000n\000\040\000t\000o\000\040\000t\000h\000e\000\040\000L\000i\000t\000e\000r\000a\000t\000u\000r\000e}{chapter.7}% 44
\BOOKMARK [1][-]{section.7.3}{\376\377\000I\000m\000p\000l\000i\000c\000a\000t\000i\000o\000n\000s}{chapter.7}% 45
\BOOKMARK [0][-]{chapter*.31}{\376\377\000A\000p\000p\000e\000n\000d\000i\000x}{}% 46
\BOOKMARK [1][-]{section*.32}{\376\377\000A\000.\000\040\000A\000p\000p\000e\000n\000d\000i\000x\000\040\000t\000o\000\040\000C\000h\000a\000p\000t\000e\000r\000\040\0000\0003}{chapter*.31}% 47
\BOOKMARK [1][-]{section*.33}{\376\377\000B\000.\000\040\000A\000p\000p\000e\000n\000d\000i\000x\000\040\000t\000o\000\040\000C\000h\000a\000p\000t\000e\000r\000\040\0000\0005}{chapter*.31}% 48
\BOOKMARK [0][-]{chapter*.34}{\376\377\000R\000e\000f\000e\000r\000e\000n\000c\000e\000s}{}% 49
